null
869c7977-a38c-510e-baba-26e09a0ea8a6
null
null
592fdd10-0543-527e-9e49-ebd5a872ed4c
89d81f84-b8d3-51b6-8409-cc3c0f59812a
null
null
null
d06f910e-c5cb-52f2-afda-17cdda75008e
89d81f84-b8d3-51b6-8409-cc3c0f59812a
1b8d2de2-6a20-5989-ac34-112edc74ee46
null
c0731e39-1390-5bd2-b38b-5f20ffe5277e
null
aec748c7-a125-58fc-99f6-d4eae3b28b50
1d20286b-a1b9-5547-ab0d-85459ef7b8fb
cc63a4c4-e5c4-556d-a3ff-f4c3bea36177
5f15262f-7ec9-50d4-a3cf-47a6f8c49bdc
1c9054c4-4ce1-583b-9a39-641d2d107cb4
71f3e803-01d9-57f6-8cba-826a6e17020e
aec748c7-a125-58fc-99f6-d4eae3b28b50
1bfd84f0-df5e-5abf-b838-19b6d980ba82
1bfd84f0-df5e-5abf-b838-19b6d980ba82
d94ac864-5475-5e90-b969-fb36e74411a8
52f9e47b-d92a-56b8-9c68-24a017f1014c
6830bd51-a324-5ef7-b863-357f83d46266
85bc7f31-eee5-50dd-8f6e-6487b865cc2a
d240ef67-7971-579e-8dc9-115d900926da
a36cbc25-509d-5ba6-80fd-89d37ebae731
92de825d-5a57-5e21-bede-0573840a90df
5bd662d0-a9d6-578c-b79b-48e4fca0b67e
27f2ca0f-482c-50a7-9797-fc203e3b2957
d240ef67-7971-579e-8dc9-115d900926da
d404c8e5-f488-59a4-ac80-1b1987cbd2c9
27f2ca0f-482c-50a7-9797-fc203e3b2957
ecda2720-34e1-521c-b986-a919987be7bf
04fac986-cd70-5ed0-a4f3-ce25c796cf2e
a1dff5c1-6dce-577a-b828-1bed0282af1b
db01bf3b-3cbf-5bf2-beba-51cf600ae7cd
5b80b4d5-0b17-5afb-b91f-2c7bab21a5b1
5b80b4d5-0b17-5afb-b91f-2c7bab21a5b1
ef06cbf1-cdd3-5531-a319-b1d22cc9fb01
6af48f11-f74f-50d3-908f-8c00113c9370
ecda2720-34e1-521c-b986-a919987be7bf
6cf2ee4c-d471-5fe3-9a74-8de374efd65f
6cf2ee4c-d471-5fe3-9a74-8de374efd65f
2b5f3246-1ac5-5df4-ad3a-b9563b27a133
40d54451-8b20-54ea-a5dc-a4eddb45937b
face26c9-336f-53b2-a095-eee9c7d96691
40d54451-8b20-54ea-a5dc-a4eddb45937b
face26c9-336f-53b2-a095-eee9c7d96691
45d37fc6-82cd-5730-9576-f8e20ce77468
8902cee4-4fd0-55e9-92d4-db075d0c825d
f88f79ad-bee5-5b92-b641-55e2fec7ddd4
64068c20-b542-565b-b75d-5ed99ea0914e
48692248-00cf-5b0f-96ac-bd5f2eb13536
d4624f60-6d9f-536e-969f-e321c3687e03
4af021ae-261d-50d5-84d5-a7f9b1aab0b2
968908d6-1725-5de5-a108-8abfd3b093bc
af69d921-0310-564d-bf37-da775374d5f4
c62a1dc1-5fce-572e-93c3-811a3ca74223
46b8f84b-c8b8-5712-84fb-026c5fae733a
a991c2bd-93c4-536b-82e4-31ecad9c9bf0
293242a1-cbb8-5f30-a39f-c45f415df628
a991c2bd-93c4-536b-82e4-31ecad9c9bf0
f3241704-50cc-578d-ab32-7b5a385c7ef0
e19c6539-7550-530e-86cb-900caef776d9
e19c6539-7550-530e-86cb-900caef776d9
cada6ec1-7ee7-5796-b5cd-5fd7f014e292
6845cd5d-a8e2-55f3-8ad1-47dd852d7b5b
fc7095d1-14a1-5048-9836-635a031c3c6f
5f2e4870-6244-52ea-a215-949666030fe9
b755d265-d165-5898-9d6e-b8e7ef3e401a
72c91d51-f65c-54c0-bd6c-e209c56e8924
73061f55-3b3f-5bcc-90fc-0ec97bd72fb8
b755d265-d165-5898-9d6e-b8e7ef3e401a
7c36bbd3-bcc3-5d97-b936-9e5887aaef30
f2810343-3026-563e-a7a3-54fe355dbe74
b755d265-d165-5898-9d6e-b8e7ef3e401a
3baeab58-eed4-5070-bd73-023e461989cf
b755d265-d165-5898-9d6e-b8e7ef3e401a
d909c62d-cde3-513d-98d9-3bf34463fb08
6e06f61c-e5be-51de-bfb4-23189dbc8906
faa0ff5d-6251-5d96-92fe-300cdbf70dcb
c2c3356f-9c99-5c6a-84f4-6f7f277eb794
b1fb0132-11b1-5a3b-89b0-32306bad7ede
12713e34-7954-582d-a3b7-4984a23fce30
12713e34-7954-582d-a3b7-4984a23fce30
2748d1c8-b3ec-5cff-bdfc-d6ebbd5aa31f
df732cdf-53d7-598f-8638-7efaa5d93839
3fab24b4-0a0a-5f34-870a-17a4267f7633
3fab24b4-0a0a-5f34-870a-17a4267f7633
1c0d781c-aadf-5507-bc6d-3a150b18272f
276e0e0a-4ecc-5651-8374-8ca1ce7bc556
b1fb0132-11b1-5a3b-89b0-32306bad7ede
01d77c84-5a45-597b-9a19-cb0ed6213061
6c447866-9e60-5b38-aede-bb9b4857bbbe
b1fb0132-11b1-5a3b-89b0-32306bad7ede
6c447866-9e60-5b38-aede-bb9b4857bbbe
3fab24b4-0a0a-5f34-870a-17a4267f7633
77bdb383-1641-51b6-be9f-2e6ec6c7d892
b3fcccf0-d511-5123-88ec-a224da99fabb
01c80cb6-f3ec-5319-a449-70b2e31a8d30
77bdb383-1641-51b6-be9f-2e6ec6c7d892
bd726084-4174-5ee2-ab2d-045320a8fb43
a4674a23-8f97-54f0-814b-5435afd316c8
21d02951-f34c-5c14-84da-6533c33a3c07
b1fb0132-11b1-5a3b-89b0-32306bad7ede
8b45ecdc-044a-511f-a826-b3d93bbb4acb
98cead8e-fac0-5639-801b-36c84c56c3fa
8b45ecdc-044a-511f-a826-b3d93bbb4acb
8b45ecdc-044a-511f-a826-b3d93bbb4acb
75e0b47b-008f-5db8-9d55-23b26192b07e
75e0b47b-008f-5db8-9d55-23b26192b07e
021edc36-ff44-56f0-bbcb-a3ac004ac03f
38d85fd9-057a-5b61-9895-70495ca83136
75e0b47b-008f-5db8-9d55-23b26192b07e
3aaa6be6-d960-50e0-b0ad-4d0209932fcf
021edc36-ff44-56f0-bbcb-a3ac004ac03f
021edc36-ff44-56f0-bbcb-a3ac004ac03f
fa23a485-2228-5f0d-9216-75ca1223ac6b
3aaa6be6-d960-50e0-b0ad-4d0209932fcf
38d85fd9-057a-5b61-9895-70495ca83136
d1d58d6d-ec41-52d5-907b-54c16e00989f
3aaa6be6-d960-50e0-b0ad-4d0209932fcf
2a3292ea-a5cd-596d-b5a0-fcd9bf0410eb
2a3292ea-a5cd-596d-b5a0-fcd9bf0410eb
507e64a9-87b5-5741-990e-01a4bb0c60cc
709b759b-cb67-51b7-8716-4a4db71e91b7
104a5832-6ba6-59cb-a5e6-24f40ac36cc6
2a3292ea-a5cd-596d-b5a0-fcd9bf0410eb
104a5832-6ba6-59cb-a5e6-24f40ac36cc6
388b5286-7ce8-5ee8-b889-81a5f9ef6086
709b759b-cb67-51b7-8716-4a4db71e91b7
2a5f36ce-5187-5d79-8351-e8dc1019067c
d90a3fbe-e6e7-58ae-b0b1-c5389f852114
104a5832-6ba6-59cb-a5e6-24f40ac36cc6
4f2bc46a-5b43-565f-88a7-53944d38fe01
2a5f36ce-5187-5d79-8351-e8dc1019067c
e61d0d4e-56b0-5f84-be96-f20cc949e1c8
e3a44817-0abc-5e21-ae48-eac9e8bbcbb4
aaaaab55-ebf9-5efc-8521-1803c65e03cf
0750286b-758a-53de-afa5-f410fcfe4fd3
0750286b-758a-53de-afa5-f410fcfe4fd3
df08b360-46a2-5244-96e7-b221dc0c6ad8
fd8ad949-2a1d-5c11-a28e-302665466f40
1c1d768a-bb2a-5e5b-9837-996c10d666c4
3d2cd75f-728b-5226-8389-4024745eb266
24cc9e13-e401-586c-aee9-c34847f8ebd0
faaeede2-1c2a-5de1-b634-57f3ccc467b8
6487e5fd-c3c5-57f0-9ff3-d65879bd5f04
24cc9e13-e401-586c-aee9-c34847f8ebd0
2a5f36ce-5187-5d79-8351-e8dc1019067c
823c0318-3898-55b0-b523-2dcacdbdc37a
81eb5c5f-7772-5b6e-a27d-6e612eb0734e
d21a3fe1-3802-594e-b644-0d2b9ae2dbaa
aaaaab55-ebf9-5efc-8521-1803c65e03cf
0ec389ff-bd46-5684-9620-e7432f7b5146
97fee189-3d51-52e4-a529-ff219f0c4472
72a35b18-fb90-594e-9892-a72867f415b6
72a35b18-fb90-594e-9892-a72867f415b6
72a35b18-fb90-594e-9892-a72867f415b6
ab23d41c-4108-552a-bb0b-e79fa0c81fb8
1513e65e-6053-5f87-9c72-158986e80685
7bef4b75-3541-5262-aea7-03a894c80fcc
ba5f69f9-9b69-591e-ba6d-44f3d3516b29
ab23d41c-4108-552a-bb0b-e79fa0c81fb8
601af2a4-6f7e-53f1-9946-fa1e64da57e7
54f9cbfd-32a5-580c-94d0-e364b44f99d9
ab23d41c-4108-552a-bb0b-e79fa0c81fb8
baae4a1d-e057-586c-87ae-023045515550
97fee189-3d51-52e4-a529-ff219f0c4472
e7321595-b762-5d66-b201-8f900677f9e7
1513e65e-6053-5f87-9c72-158986e80685
61b74826-e549-5680-93b8-d9c5a21eea61
0d51886c-19da-5fb7-bdc6-1a3d6e9a6884
71c1ab75-e6d7-5142-bcd6-4c8153d831c5
54f9cbfd-32a5-580c-94d0-e364b44f99d9
8edce83a-5a45-5f44-9c79-0be3597bae83
ecc8e569-e5df-5cf7-ad12-a0cb77b6c116
f84f3843-a823-53fc-93d8-f521fbd62409
c7107334-84de-5fca-b701-db007f761080
8edce83a-5a45-5f44-9c79-0be3597bae83
5f6babd8-fbd5-58ea-989b-65b56fdfc6fe
ecc8e569-e5df-5cf7-ad12-a0cb77b6c116
0f2d5e2d-eadd-5a8d-8f48-1e519aef128e
ddd27518-41a0-5837-b4a4-0c2c41e78247
4d1c1a01-0aa9-511e-902e-b5a56bfcb040
c07e10be-4aa9-55de-97ec-8ac4a0d38cc1
b24f9f05-c3ad-5517-958f-06727ced3151
c07e10be-4aa9-55de-97ec-8ac4a0d38cc1
339bd999-8492-598d-b7d2-54a2e8d50440
d64c2f93-23b7-5670-be1d-e1764fad5a39
d9957d79-0129-547f-9af6-398c70b2d6b4
4d1c1a01-0aa9-511e-902e-b5a56bfcb040
df270243-c4f2-5cd3-a614-2589db9f9f44
8591e2e9-0c3c-5adc-a3c5-79d76da26989
8480dc83-3ec2-5ca8-91f5-21d0b905a4e3
0cb796e1-a313-5bc5-adda-e174262d00ac
030b120c-a3bb-5834-a9cc-4ef11089a3df
2e23466f-cb65-5814-bb69-002aa177d66a
fac3bac7-6bb2-5880-959e-1335c3901a5f
a5d14fb9-f321-5d48-8b79-61f69fcdb9cd
1265ec09-1a5e-566c-ac35-249b2906dbc2
1265ec09-1a5e-566c-ac35-249b2906dbc2
7dc5eaad-0316-5ead-9259-cc490a50320a
596be727-5fae-5a7b-9fb8-eca84e5290ff
7e766cc4-6b8c-558a-8fa8-ae457e27486e
2175f4b1-3237-5b85-95c7-8c3eb9c42869
a5d14fb9-f321-5d48-8b79-61f69fcdb9cd
4e3471e8-9e71-5a65-ac83-456baa957144
7dc5eaad-0316-5ead-9259-cc490a50320a
4e3471e8-9e71-5a65-ac83-456baa957144
20f31a17-78c9-553e-b9ce-b20c6639822c
6eb917e6-ca71-5b17-9a79-61aff0c12562
20f31a17-78c9-553e-b9ce-b20c6639822c
b39a3884-91f9-5d3c-8c77-40417914be6f
e8b6464e-459a-5de1-8968-90e7c7bdc24a
d6a45abd-ed39-540a-9431-135dee33e227
fc6710ac-5fc9-59d6-adda-019d1465355f
67739da2-db93-5d6d-a188-62e34954a0cb
84d77e7a-c00d-5b62-b751-d6e3f2a51b6d
13dbef26-bc0b-5829-b823-a70a85e616f4
dd5f9228-7750-533b-be15-23ca1c613c65
67b9145a-c3f0-5e68-881b-7472b514529f
fc6710ac-5fc9-59d6-adda-019d1465355f
67b9145a-c3f0-5e68-881b-7472b514529f
f5f0f072-15eb-5aa5-a0bd-a3ae6fb7db5a
27bb8920-d6fa-5c2e-891e-5b38802e12bc
dd5f9228-7750-533b-be15-23ca1c613c65
f5f0f072-15eb-5aa5-a0bd-a3ae6fb7db5a
b9f35101-78ce-5bf8-9c51-b0b55939de13
feca476a-bdf9-56e7-847d-248f4f3b1562
75aae3cf-4257-57c6-8ec6-b964acedb440
d86ffb55-8414-59cd-98cc-df6b928185f3
feca476a-bdf9-56e7-847d-248f4f3b1562
75aae3cf-4257-57c6-8ec6-b964acedb440
4ed888b7-76bb-5e55-b7fb-bdcd4b5f9c88
80dab869-4e3d-5278-b1e1-96bf6a97bebe
dfa653ac-b733-5547-81a0-b792624c5302
ce984813-29ec-5679-98a8-2e83308e53a3
1f6abbbb-6409-5ea8-bd5c-7bc16f71fd89
26c0f958-4374-530f-b3a6-cf519c2d7302
aa541854-033d-5084-b2f4-7cbb0c5707c5
98ab3271-516a-5f78-b80c-dcfe4659e4f1
88efb014-e228-5d05-8fc3-fa5ba4ddbc77
818ee7d2-f006-5731-be55-8c189a44077f
c846ee57-64ae-5533-887d-9dbaa770f0aa
4bfd98cc-c433-5a15-8603-0e666d12f047
4bfd98cc-c433-5a15-8603-0e666d12f047
49a6eaa7-07c1-56e0-b4bc-3326678bbc4f
4c94d471-709e-5813-a44e-acc968c57d38
4c94d471-709e-5813-a44e-acc968c57d38
e02f3287-a83c-5c03-9016-ee475b8fe0d7
734f26f0-e641-5fc1-8dab-ebeff87a1b4c
e02f3287-a83c-5c03-9016-ee475b8fe0d7
7a294417-0642-5741-a27c-d404c9d52463
1dc638b5-0def-5b7b-85ac-8d3cf6c6de7b
4c6bd071-7743-5b7b-baed-7863c79d965b
b620363f-6056-5b8a-b61f-bf5f707952d3
5d18bb0c-90b6-55a0-b9a3-7d12329b9857
9274ef8a-a216-5792-95a8-0252416a0090
64bdaecd-6a34-5737-b4ab-47af96908ca5
6851eba9-4329-5acb-b63a-cdc3001e16fa
7f6f7283-c45c-5856-8d06-eb881333ad5e
64bdaecd-6a34-5737-b4ab-47af96908ca5
eaac44f0-7dec-534e-871c-63e1548359b4
a6b455b0-2938-57ab-a7b7-bc545f01c3a9
49a6eaa7-07c1-56e0-b4bc-3326678bbc4f
249f54c4-dfb6-53b3-84ff-0643048675e5
249f54c4-dfb6-53b3-84ff-0643048675e5
249f54c4-dfb6-53b3-84ff-0643048675e5
3c9ffade-f83b-502b-8450-19f187e72406
8d84f4b1-7a91-5012-b8ab-52ebccc9d6d9
49a6eaa7-07c1-56e0-b4bc-3326678bbc4f
49a6eaa7-07c1-56e0-b4bc-3326678bbc4f
021a824a-49aa-5207-88a2-ea54439138de
a3af2585-3f9d-5259-af2d-664c70dc7043
6124abb0-36d0-5809-99eb-c5e0cb9bcd28
a55459a8-3c36-5cda-954c-477fa381411c
43f323e0-271d-5dda-8abb-4e46bf7550c0
1406af0f-0323-5173-91a6-9658fd276bc0
06a88898-be6b-5873-8105-44ed62caddca
87eca77f-e3e8-5f76-9fab-1781460b7ef5
6c5e60ba-fde1-580d-b9cc-622672580784
b0c0daae-53dc-5ed6-a210-6bff38938628
b0c0daae-53dc-5ed6-a210-6bff38938628
d8152d67-11dd-5c39-b25e-444a0dbe3cdd
83247e74-3d2b-5588-9164-327c8bcca4e7
87eca77f-e3e8-5f76-9fab-1781460b7ef5
83247e74-3d2b-5588-9164-327c8bcca4e7
ee6e19fd-32a2-5fc5-8ec1-6160d8246e9a
c9029bfc-110c-5a63-bf13-297d789d78de
bf217189-b3b8-50f9-aed8-7a7511e84c6d
c9029bfc-110c-5a63-bf13-297d789d78de
b6d17cf3-0372-5649-8f3c-fca9df519604
e37375ef-a2c2-5fac-a657-3085e8f09e22
b0c0daae-53dc-5ed6-a210-6bff38938628
6e3cf719-d0dd-5c43-9a6c-dbfc1482b4c1
b6d17cf3-0372-5649-8f3c-fca9df519604
c4d2283f-32dd-539b-99d1-824cc268de4f
ff9f5811-008a-54a0-a732-f9670d5e0b97
8da5d1d5-812b-51a1-9629-b4cfec857725
a7b2a743-b382-5626-bee4-2225a1e141fd
c9117bc2-2e37-58b1-84e7-67db2d21259b
c1012425-8d22-5ea9-b638-9ded2acf3b7e
fdfde785-39ae-5e72-adb4-fc1cd6d1b35c
1301205d-0218-5bf9-bf7e-87e87bca3730
fdfde785-39ae-5e72-adb4-fc1cd6d1b35c
d698623e-27b7-5f90-b3fb-7c4cedb0fc1d
9f9b4e61-294f-5248-affd-971be8691a9e
7c376db9-1003-5a86-95a5-86f412c5ab9f
d18fe3c5-4b73-58cf-9835-3e70db88c8a5
d698623e-27b7-5f90-b3fb-7c4cedb0fc1d
d698623e-27b7-5f90-b3fb-7c4cedb0fc1d
46400860-7f84-5d01-9de0-28344e788a77
7c376db9-1003-5a86-95a5-86f412c5ab9f
d18fe3c5-4b73-58cf-9835-3e70db88c8a5
2275004a-8202-59e4-8025-bd55a52d598f
bbc0c402-2c54-535a-86d0-3c7b960b8988
2275004a-8202-59e4-8025-bd55a52d598f
d18fe3c5-4b73-58cf-9835-3e70db88c8a5
2275004a-8202-59e4-8025-bd55a52d598f
1be6ced7-efe0-5541-ba53-2cfdc67c2ce8
2275004a-8202-59e4-8025-bd55a52d598f
2275004a-8202-59e4-8025-bd55a52d598f
c51e8fe2-4808-5a3f-af11-da7f834132e9
01e9c04e-a2ce-58f1-953b-202098914da5
9e813522-04be-5679-8bba-aac855d50b19
f889aca1-afbc-56a4-8461-9a3ea5187b1a
1be6ced7-efe0-5541-ba53-2cfdc67c2ce8
f889aca1-afbc-56a4-8461-9a3ea5187b1a
9ea5eb28-5ce1-5ed1-abc6-021ded82d6d7
196aac1e-1d60-5d76-812a-f2fe7411c6b1
196aac1e-1d60-5d76-812a-f2fe7411c6b1
2da52c2f-4e09-5123-bf3c-ea7b18ec1370
c056fed7-bda2-507e-8715-e51878e476c4
135d836e-cc29-5d2b-a104-c3b797f48ff9
31cc2681-b087-5c5b-be6c-8abce0faf2f5
e6535621-1a5b-5409-a695-e8131f14e6d9
271ef599-4d3e-5d18-822c-3bce4fb88697
b44338e7-8a30-575a-a0e5-0a4d4842ab63
3a76495f-5dd5-5e99-bcbe-d88d75048047
552876f3-a8bf-5eae-bb9a-49bb8099389c
c05626a2-6b0a-5f60-9c63-d8fe360fcc28
9e813522-04be-5679-8bba-aac855d50b19
dcab9770-8ca5-5deb-be1d-bdd01cc3dafb
3a76495f-5dd5-5e99-bcbe-d88d75048047
b44338e7-8a30-575a-a0e5-0a4d4842ab63
70776996-5b7b-5e70-ad9e-0401b41c6735
b3367a55-ac66-535e-8630-c37aa73f7aed
a1572382-4447-5652-be2d-c5b9450d003c
990c16f1-1dde-5050-a5d0-78b9d16bb71d
f7d5f1f8-57af-55d0-a1ed-a1a04d9413a4
2c7288c2-b3c8-5d87-a80c-a20bd1f93216
a1572382-4447-5652-be2d-c5b9450d003c
bdaaca34-71fa-583e-aae7-17e8b452d457
bdaaca34-71fa-583e-aae7-17e8b452d457
1cdd5b90-f4d0-59f3-a180-4739708e4f82
8b870a85-f9c1-575e-9c67-2346311afa9a
a1572382-4447-5652-be2d-c5b9450d003c
2895b0ab-a066-56c3-a53b-5217b3dbdf1d
2cff2d64-39cd-57f8-9c60-92e49c7cae55
2895b0ab-a066-56c3-a53b-5217b3dbdf1d
a1572382-4447-5652-be2d-c5b9450d003c
2cff2d64-39cd-57f8-9c60-92e49c7cae55
1cdd5b90-f4d0-59f3-a180-4739708e4f82
4fb769e8-5ef8-5028-be85-f28749024f5e
99abde1a-b6fa-5216-99cc-35dcd9acea25
a1572382-4447-5652-be2d-c5b9450d003c
12a7fb64-9b9c-572f-827d-1ace03a992eb
781b1c17-97c8-59ce-8fce-901361261400
6f584259-51b8-536e-b136-2dca318c6e17
67a5d71b-0c01-5fb7-9f04-0e56833a9570
a62eb5a5-f47d-50db-9c95-ca4a486dc282
67a5d71b-0c01-5fb7-9f04-0e56833a9570
a62eb5a5-f47d-50db-9c95-ca4a486dc282
3a8d0f66-3242-5791-871c-1818bf1b9f24
4451d633-f1a5-5e1d-a377-1f75138cbf3e
cf93d118-2837-59cb-a486-6dc61cdee4e5
b6faaa74-5826-55de-8b86-ba81909274c8
fa972b4b-2e3c-5137-a660-d207f6bdd30b
b6faaa74-5826-55de-8b86-ba81909274c8
3cc12133-5da5-5e54-88fc-b70f664335f8
b928137d-cd35-5e94-b1d3-cdf6f01f3113
22feb351-d3f9-59d1-a897-affea65ce214
22feb351-d3f9-59d1-a897-affea65ce214
e609d0fc-15de-5364-8216-05ff67a792ef
b4afc10f-6d7a-5320-a866-20c559780cff
65abef20-3bc1-54c9-aa2c-9180bc1d3920
65abef20-3bc1-54c9-aa2c-9180bc1d3920
65abef20-3bc1-54c9-aa2c-9180bc1d3920
63e2f1ea-ad06-599b-8e49-c2fa445ca177
daa99fdf-f765-504e-9591-f5401caf676b
7fbc74d2-6b04-5c90-8ea7-21e9ff49c413
2b236d20-87a8-5c5b-921a-c012aafd3525
8c2365c0-0e5c-592a-a77b-2316d0d64034
0581b324-b8b0-5805-b209-ceac72cd37a5
33cf1a68-bcba-52f7-9586-32c9eaad8f35
6935d119-0638-5c2b-9326-77761ce67937
5fc6eaa6-f107-5051-9dd1-cedcd111bd8f
bb0c6336-2ca8-5124-8eb0-e94e8e75c032
b2de72ce-1ed6-511d-ae4b-910070e0f04f
ea20e14a-a8e2-5363-8a7f-e6ba0018079e
5fda8cc9-aeda-551c-9c7b-ef33656bd89e
c0ffeedf-170f-52de-accd-b6306b20422f
97c8c065-e0d5-5482-8456-fca1e534d3c4
ca0e3d20-6c1b-5cec-b50e-5258e3ae1e36
ca0e3d20-6c1b-5cec-b50e-5258e3ae1e36
54d5b758-69b0-5dc4-b6f1-43809999e0e6
2a74ab47-47bf-54ef-a273-5c75a28b959c
aa7db613-0240-505d-bac7-86d7ca720bcd
b7e574e3-301d-5d7f-b41c-16d4585f7f6b
a0661109-9a39-5789-acea-d2b791cae761
a0661109-9a39-5789-acea-d2b791cae761
b7e574e3-301d-5d7f-b41c-16d4585f7f6b
9198c8a4-4284-59ab-b6b8-b01e711ccb89
97193665-d1b2-56aa-9599-da5f6ea5f587
32ed24fc-e6e6-5413-b06b-cd073c12382c
ff273e84-9729-54e5-ba76-f9139a9bdab2
a4698084-a1c9-51ac-bb57-32178556f329
21e4671d-d2f8-52a6-8dbd-f0782a1d0dec
456ab672-37a1-50ec-bf35-18a7a5d68355
85ac5408-0a5c-5efc-aa25-d55cad00458d
61e9d7a6-3ad0-52e2-b086-e3e5ce457165
7dd83d9e-3409-510a-94e7-f5802e5eefba
2d7ce05d-e398-5212-b779-0cd5ba537150
2b695ee0-5238-5195-beb9-653da6f2e17f
58127dc7-11f3-542f-b997-9b3ba86ae1db
100743ec-268e-5799-941b-30524199a4af
8ffd26f2-eb3f-52c0-8d40-45ae4cb4539d
8ffd26f2-eb3f-52c0-8d40-45ae4cb4539d
220a45ca-33d9-5900-9890-0a047dab586b
ad44910c-7f5e-5935-b9dc-1901f4cf33cc
9cae0134-6246-5183-b12b-9a31433fcb39
100743ec-268e-5799-941b-30524199a4af
aee82f72-1df8-5416-ab82-aa08b3483c28
f4afad6c-f6ca-5d99-ace5-88cd1ced377d
2b2d0fbc-efeb-58c6-a38c-a5746bc9cf56
07457ab5-d040-5daa-b68d-005c4c7ab557
1c96231c-e9bc-5a5f-a91e-5bb4fc516658
4cfd0623-43da-5077-933f-e09195a3093d
1c96231c-e9bc-5a5f-a91e-5bb4fc516658
220a45ca-33d9-5900-9890-0a047dab586b
3848e9be-ee6a-5372-92c3-9f4f3786aea2
3848e9be-ee6a-5372-92c3-9f4f3786aea2
220a45ca-33d9-5900-9890-0a047dab586b
220a45ca-33d9-5900-9890-0a047dab586b
da47469b-544c-548f-849e-7df1717f7dd2
c90b318e-b9e6-5787-b41b-7a267e9336d3
c90b318e-b9e6-5787-b41b-7a267e9336d3
1516ffa9-dd1b-5402-b587-ab63461d43ad
75754524-65d9-5493-af45-e5bf4d264ea4
1981d61c-9267-5f5d-a276-e875264db6de
0c9a0026-d275-5c41-ae9d-1c827d0607e5
4f917275-56af-545a-a890-c6e946784f49
00e72bf3-df7e-5576-a85f-98326c715b96
1981d61c-9267-5f5d-a276-e875264db6de
a1cf39b1-90f9-5714-8fba-7d4d7753599c
ff1e7357-9a5a-52ba-b464-7da153dd95c1
05e40a82-e3cb-564e-b8bf-6c87efd27295
852c0671-c764-5fad-84ef-b6ecdc08b278
49d67aa9-bbec-5492-90df-6e33b47b45a5
2814753a-e100-5c23-9796-8c860b96d881
4176d19d-14b7-5143-b927-809cc82dcd9a
3038f3ff-8035-58db-83ef-9ff40f09470f
3df17c57-33d5-5e65-8154-b9fd6a21c991
c2aebb24-accc-5a22-a5fe-40e544db6f7b
3df17c57-33d5-5e65-8154-b9fd6a21c991
4176d19d-14b7-5143-b927-809cc82dcd9a
84c96ead-d5d2-5c8b-aefc-9498f9b9c45b
c209401f-68c3-5989-a524-3a6d462d96b9
2c8919d1-4721-539e-ad18-d32fe727263f
3dfd2eae-0217-5807-ab9f-ab81506b66e8
84c96ead-d5d2-5c8b-aefc-9498f9b9c45b
e97ff674-1e70-5d26-b1bd-e8dfabd66a06
7e1d6730-318a-5e84-a718-6b8e0767da25
84c96ead-d5d2-5c8b-aefc-9498f9b9c45b
c5bb6f2c-e0ef-51eb-be1e-d95bf6f757a7
e97ff674-1e70-5d26-b1bd-e8dfabd66a06
7e1d6730-318a-5e84-a718-6b8e0767da25
d6a4ba68-dc54-5526-b475-57c9f64a7b9f
abd53c97-ff51-5bde-b8d3-e2d5defc3626
c5bb6f2c-e0ef-51eb-be1e-d95bf6f757a7
81d9d0ec-85f7-529d-8c5e-3027b1ad4fe5
81d9d0ec-85f7-529d-8c5e-3027b1ad4fe5
d6796821-d96e-50a4-bf82-abbd89f548a4
7e11f301-a703-5dc5-9596-2e1430820ed5
d6a4ba68-dc54-5526-b475-57c9f64a7b9f
