null
null
bc3b7573-3592-5263-ab5c-cc4d69a86ef2
89d81f84-b8d3-51b6-8409-cc3c0f59812a
null
06d08d73-460c-55de-a737-e5da9cc36c88
null
null
592fdd10-0543-527e-9e49-ebd5a872ed4c
null
d06f910e-c5cb-52f2-afda-17cdda75008e
null
1d20286b-a1b9-5547-ab0d-85459ef7b8fb
d06f910e-c5cb-52f2-afda-17cdda75008e
e8e215ba-d604-59c7-965b-f912a42b5441
bd3f1c47-0d46-5fe3-ab89-d928a011c715
8a9eb08c-2f3d-50bf-9c6a-c4f2bede2f87
52f9e47b-d92a-56b8-9c68-24a017f1014c
1bfd84f0-df5e-5abf-b838-19b6d980ba82
aec748c7-a125-58fc-99f6-d4eae3b28b50
8899c513-c0e5-57eb-bec8-0e3828e71389
9594fcb5-9a1f-5fdd-ace9-f454c42dfb30
52f9e47b-d92a-56b8-9c68-24a017f1014c
9594fcb5-9a1f-5fdd-ace9-f454c42dfb30
9594fcb5-9a1f-5fdd-ace9-f454c42dfb30
04f7f581-b56c-523d-b498-1a200b7e3065
d240ef67-7971-579e-8dc9-115d900926da
92de825d-5a57-5e21-bede-0573840a90df
27f2ca0f-482c-50a7-9797-fc203e3b2957
27f2ca0f-482c-50a7-9797-fc203e3b2957
04f7f581-b56c-523d-b498-1a200b7e3065
5bd662d0-a9d6-578c-b79b-48e4fca0b67e
5b80b4d5-0b17-5afb-b91f-2c7bab21a5b1
891f2910-7d6e-5425-8102-1e2140bc55b1
3159d51b-38f8-5929-a267-aa99610c04f5
04f7f581-b56c-523d-b498-1a200b7e3065
891f2910-7d6e-5425-8102-1e2140bc55b1
5b80b4d5-0b17-5afb-b91f-2c7bab21a5b1
e38987a3-62cb-5a0a-a8c0-c34d32647ef2
6ad54a90-635f-5351-a961-a080dd1d8c29
e38987a3-62cb-5a0a-a8c0-c34d32647ef2
090f088a-3100-551e-8790-51e7ab90d1d3
6ad54a90-635f-5351-a961-a080dd1d8c29
2b5f3246-1ac5-5df4-ad3a-b9563b27a133
83e29b4a-d371-52fc-95d9-70acb0b79322
40d54451-8b20-54ea-a5dc-a4eddb45937b
6b3ee862-8b1e-51e1-9b05-2f7cbff08e2a
66a9ac17-ba97-5d8a-a1d7-14770e5d2531
40d54451-8b20-54ea-a5dc-a4eddb45937b
face26c9-336f-53b2-a095-eee9c7d96691
e0b3a4ea-236d-555f-9005-956797a0f6b0
64068c20-b542-565b-b75d-5ed99ea0914e
e0b3a4ea-236d-555f-9005-956797a0f6b0
45d37fc6-82cd-5730-9576-f8e20ce77468
e0b3a4ea-236d-555f-9005-956797a0f6b0
48692248-00cf-5b0f-96ac-bd5f2eb13536
64068c20-b542-565b-b75d-5ed99ea0914e
460467b6-98c5-51fe-8f67-cf3ac31ca418
b31cea5b-6bb0-58fa-9e7b-a2299b18c4e9
968908d6-1725-5de5-a108-8abfd3b093bc
c62a1dc1-5fce-572e-93c3-811a3ca74223
af69d921-0310-564d-bf37-da775374d5f4
8dfa9811-9b70-5e09-a911-3677863f669e
5fcb6127-5654-5bc2-9a82-ae8505802bb8
4f98a537-a751-5f56-b7ef-26219984399a
a991c2bd-93c4-536b-82e4-31ecad9c9bf0
eea00e33-7ce9-5c68-b6c2-d7c611597b64
573c3856-b0e0-5fa3-bb9a-0da0a193d98e
b755d265-d165-5898-9d6e-b8e7ef3e401a
6845cd5d-a8e2-55f3-8ad1-47dd852d7b5b
b9929304-91bb-59c0-8eeb-18035672579a
6845cd5d-a8e2-55f3-8ad1-47dd852d7b5b
e19c6539-7550-530e-86cb-900caef776d9
95d9a255-7113-5728-a068-f919f10f85fc
3baeab58-eed4-5070-bd73-023e461989cf
473d7c2a-5aad-5d1a-9b13-a267ad365091
3baeab58-eed4-5070-bd73-023e461989cf
c2c3356f-9c99-5c6a-84f4-6f7f277eb794
375f15f6-ea8d-5299-9556-eaf086208320
375f15f6-ea8d-5299-9556-eaf086208320
dc8c25bc-d043-59f6-9301-dfaa8dcc0b9e
bfd4d3c6-fcdd-55be-b1c6-42cefda590d6
b755d265-d165-5898-9d6e-b8e7ef3e401a
b1fb0132-11b1-5a3b-89b0-32306bad7ede
03e8812a-78d0-5e21-878c-ba4d3c00dcbe
b1fb0132-11b1-5a3b-89b0-32306bad7ede
f1449c7a-3938-5c57-8629-def89f74777c
df732cdf-53d7-598f-8638-7efaa5d93839
fa1ab14b-4945-5150-b2de-7bed791e908a
b1fb0132-11b1-5a3b-89b0-32306bad7ede
12713e34-7954-582d-a3b7-4984a23fce30
1c0d781c-aadf-5507-bc6d-3a150b18272f
03e8812a-78d0-5e21-878c-ba4d3c00dcbe
6c447866-9e60-5b38-aede-bb9b4857bbbe
df732cdf-53d7-598f-8638-7efaa5d93839
f8fe485c-c1d9-5be1-9d1f-bc733b493165
276e0e0a-4ecc-5651-8374-8ca1ce7bc556
77bdb383-1641-51b6-be9f-2e6ec6c7d892
3fab24b4-0a0a-5f34-870a-17a4267f7633
3c39d913-abf3-578a-a085-a6df7c20b7bd
b1fb0132-11b1-5a3b-89b0-32306bad7ede
77bdb383-1641-51b6-be9f-2e6ec6c7d892
b1fb0132-11b1-5a3b-89b0-32306bad7ede
fc237788-de5c-5132-9ef3-feb78e713f57
b1fb0132-11b1-5a3b-89b0-32306bad7ede
d2389274-50f8-5ebd-b7a2-0e91906718c2
b3fcccf0-d511-5123-88ec-a224da99fabb
f952353a-10f8-5514-80cb-d7eefc50ba2d
88e248c6-146d-5073-89a7-2ada2c03dc1b
8a169c90-7349-57c3-8f66-f55621a69b73
cf3b2e9f-74b2-5876-880d-1c738fcef956
64a34853-404f-564b-9946-1c479ef64e0c
da6b4a6e-dde1-5976-a447-2c96b7d2d19f
8b45ecdc-044a-511f-a826-b3d93bbb4acb
21cd139b-43e0-568d-8d02-cf7ff3ed348e
44b4690d-b12d-5508-94b0-b96decfd61c1
75e0b47b-008f-5db8-9d55-23b26192b07e
75e0b47b-008f-5db8-9d55-23b26192b07e
21cd139b-43e0-568d-8d02-cf7ff3ed348e
21cd139b-43e0-568d-8d02-cf7ff3ed348e
21cd139b-43e0-568d-8d02-cf7ff3ed348e
75e0b47b-008f-5db8-9d55-23b26192b07e
75e0b47b-008f-5db8-9d55-23b26192b07e
3aaa6be6-d960-50e0-b0ad-4d0209932fcf
75e0b47b-008f-5db8-9d55-23b26192b07e
021edc36-ff44-56f0-bbcb-a3ac004ac03f
fa23a485-2228-5f0d-9216-75ca1223ac6b
fa23a485-2228-5f0d-9216-75ca1223ac6b
709b759b-cb67-51b7-8716-4a4db71e91b7
63149c79-f258-5673-abd8-97bb6f00c9a8
492f3e10-dfd5-5c46-83bc-4935f0652706
104a5832-6ba6-59cb-a5e6-24f40ac36cc6
2a3292ea-a5cd-596d-b5a0-fcd9bf0410eb
e59a0f90-9ffb-5305-acf7-ad118fb27f0f
709b759b-cb67-51b7-8716-4a4db71e91b7
d6a9d7a1-53ba-55d8-9040-986ca3808507
2a5f36ce-5187-5d79-8351-e8dc1019067c
ff9fa644-72c9-5778-a868-e89069aade65
6487e5fd-c3c5-57f0-9ff3-d65879bd5f04
2a5f36ce-5187-5d79-8351-e8dc1019067c
fd8ad949-2a1d-5c11-a28e-302665466f40
faaeede2-1c2a-5de1-b634-57f3ccc467b8
24cc9e13-e401-586c-aee9-c34847f8ebd0
aaaaab55-ebf9-5efc-8521-1803c65e03cf
14f2d5fc-a0cd-5fdb-9c17-081241fd48e0
51b35036-db24-5a1b-8468-0e6c4a32eb22
51b35036-db24-5a1b-8468-0e6c4a32eb22
14f2d5fc-a0cd-5fdb-9c17-081241fd48e0
ca5ab86f-fb13-5cb6-aa2b-e2fc18a01631
72a35b18-fb90-594e-9892-a72867f415b6
823c0318-3898-55b0-b523-2dcacdbdc37a
ca5ab86f-fb13-5cb6-aa2b-e2fc18a01631
8af47ea3-af10-5ad0-b3c1-29a1d967ecb1
7c922d55-58c8-5dab-8a7b-4d6aac7f4708
618ceccb-b5e6-5f0d-a162-0723920fcf65
618ceccb-b5e6-5f0d-a162-0723920fcf65
97fee189-3d51-52e4-a529-ff219f0c4472
1513e65e-6053-5f87-9c72-158986e80685
fe80e879-e481-5805-bf57-f4b10ff8b8e2
fe80e879-e481-5805-bf57-f4b10ff8b8e2
97fee189-3d51-52e4-a529-ff219f0c4472
40172e6c-b85f-55f7-a5e8-bea6d554a934
ab23d41c-4108-552a-bb0b-e79fa0c81fb8
0d51886c-19da-5fb7-bdc6-1a3d6e9a6884
40172e6c-b85f-55f7-a5e8-bea6d554a934
40172e6c-b85f-55f7-a5e8-bea6d554a934
1513e65e-6053-5f87-9c72-158986e80685
e7321595-b762-5d66-b201-8f900677f9e7
e7321595-b762-5d66-b201-8f900677f9e7
39f553d5-5478-5213-92e0-cb852904065b
40c5f4f5-9d1c-594b-b634-fee3b9e0945d
71c1ab75-e6d7-5142-bcd6-4c8153d831c5
71c1ab75-e6d7-5142-bcd6-4c8153d831c5
8591e2e9-0c3c-5adc-a3c5-79d76da26989
0d51886c-19da-5fb7-bdc6-1a3d6e9a6884
0d51886c-19da-5fb7-bdc6-1a3d6e9a6884
6256784c-efd7-5a6c-9f78-f20d6e058a79
0d51886c-19da-5fb7-bdc6-1a3d6e9a6884
2a8ab1de-88a0-5eef-a16c-4291cd776c76
6f03bf19-f6ef-51ef-bf8b-cbe6e3dae228
ddd27518-41a0-5837-b4a4-0c2c41e78247
5633c4bc-d971-5d20-a2ca-c7cda7c681c6
0f2d5e2d-eadd-5a8d-8f48-1e519aef128e
ecc8e569-e5df-5cf7-ad12-a0cb77b6c116
1e0c74f1-f8ae-57a8-99d5-af82998cf12d
ecc8e569-e5df-5cf7-ad12-a0cb77b6c116
c07e10be-4aa9-55de-97ec-8ac4a0d38cc1
b24f9f05-c3ad-5517-958f-06727ced3151
beb50b8d-d5b2-5a22-97a4-415f6b0ded3a
030b120c-a3bb-5834-a9cc-4ef11089a3df
d9957d79-0129-547f-9af6-398c70b2d6b4
a5d14fb9-f321-5d48-8b79-61f69fcdb9cd
6f03bf19-f6ef-51ef-bf8b-cbe6e3dae228
c0c87448-07f1-558f-8535-baf99f6773d5
2e23466f-cb65-5814-bb69-002aa177d66a
1de78098-850b-5b41-a4da-87131754d100
fac3bac7-6bb2-5880-959e-1335c3901a5f
1265ec09-1a5e-566c-ac35-249b2906dbc2
1de78098-850b-5b41-a4da-87131754d100
c0c87448-07f1-558f-8535-baf99f6773d5
1265ec09-1a5e-566c-ac35-249b2906dbc2
a5d14fb9-f321-5d48-8b79-61f69fcdb9cd
92629ff4-6612-5958-bcb3-24a921bfccd4
030b120c-a3bb-5834-a9cc-4ef11089a3df
7e766cc4-6b8c-558a-8fa8-ae457e27486e
301d25a5-644d-553a-8491-bb04e7d79fab
06095fc8-34b1-54c1-a837-15cae08a7f7d
596be727-5fae-5a7b-9fb8-eca84e5290ff
1de78098-850b-5b41-a4da-87131754d100
e7206c3a-c6b8-5668-8706-494c21c8452e
a5d14fb9-f321-5d48-8b79-61f69fcdb9cd
2847dea0-58c0-5861-a554-70e72aa589f2
a5d14fb9-f321-5d48-8b79-61f69fcdb9cd
d2e7ffa0-4e05-5cef-a44e-9de07b73ca6d
0a710eaa-4b03-5e47-8bd8-e4b6791c56cf
d2e7ffa0-4e05-5cef-a44e-9de07b73ca6d
3f54deb9-c6a2-5c34-b014-25b415321ef4
9d4722ff-d454-5c10-ba2a-4b2d34f12e9f
afb50d97-7889-5537-a2c0-015384788b83
0a710eaa-4b03-5e47-8bd8-e4b6791c56cf
3f54deb9-c6a2-5c34-b014-25b415321ef4
fc6710ac-5fc9-59d6-adda-019d1465355f
67b9145a-c3f0-5e68-881b-7472b514529f
75aae3cf-4257-57c6-8ec6-b964acedb440
e8b6464e-459a-5de1-8968-90e7c7bdc24a
67739da2-db93-5d6d-a188-62e34954a0cb
dd5f9228-7750-533b-be15-23ca1c613c65
a5b7a9a6-74b8-5b50-b4ef-dd2673b13959
f5f0f072-15eb-5aa5-a0bd-a3ae6fb7db5a
20f31a17-78c9-553e-b9ce-b20c6639822c
13dbef26-bc0b-5829-b823-a70a85e616f4
20f31a17-78c9-553e-b9ce-b20c6639822c
13dbef26-bc0b-5829-b823-a70a85e616f4
7d51eb6a-2962-54a0-b8ef-7f9e89274e7d
f5f0f072-15eb-5aa5-a0bd-a3ae6fb7db5a
eef01b89-7fa8-5224-8c2d-defb86bb35c9
ca5c450b-cfaf-5d43-bb8d-25c6d2a55d01
75aae3cf-4257-57c6-8ec6-b964acedb440
9c244904-ec6b-5b8d-8ba2-2e18410de175
8ae898dc-7bfc-5ff2-a414-d70bb69f5ea7
8ae898dc-7bfc-5ff2-a414-d70bb69f5ea7
d87064e8-57d1-585b-9a40-fb14b3afc74b
9c244904-ec6b-5b8d-8ba2-2e18410de175
80dab869-4e3d-5278-b1e1-96bf6a97bebe
8ae898dc-7bfc-5ff2-a414-d70bb69f5ea7
1f6abbbb-6409-5ea8-bd5c-7bc16f71fd89
4ed888b7-76bb-5e55-b7fb-bdcd4b5f9c88
3c121844-012c-5320-91da-47d38f436b3b
8ae898dc-7bfc-5ff2-a414-d70bb69f5ea7
26c0f958-4374-530f-b3a6-cf519c2d7302
dfa653ac-b733-5547-81a0-b792624c5302
26c0f958-4374-530f-b3a6-cf519c2d7302
cdb7b72d-585e-5cb1-bbf1-12515e1afc1d
4bfd98cc-c433-5a15-8603-0e666d12f047
4c94d471-709e-5813-a44e-acc968c57d38
cfe1aea8-4988-530a-9d55-cbc980326f55
734f26f0-e641-5fc1-8dab-ebeff87a1b4c
734f26f0-e641-5fc1-8dab-ebeff87a1b4c
4c94d471-709e-5813-a44e-acc968c57d38
cfe1aea8-4988-530a-9d55-cbc980326f55
1dc638b5-0def-5b7b-85ac-8d3cf6c6de7b
6f0b21a3-79fe-5720-9090-3156c3605f2e
6851eba9-4329-5acb-b63a-cdc3001e16fa
b620363f-6056-5b8a-b61f-bf5f707952d3
b620363f-6056-5b8a-b61f-bf5f707952d3
cfe1aea8-4988-530a-9d55-cbc980326f55
cfe1aea8-4988-530a-9d55-cbc980326f55
cfe1aea8-4988-530a-9d55-cbc980326f55
49a6eaa7-07c1-56e0-b4bc-3326678bbc4f
1a528485-32f0-5b50-9c67-950f7e15a848
64bdaecd-6a34-5737-b4ab-47af96908ca5
6f6b8038-a4de-56dd-baee-7ea48d7eb4b8
6f6b8038-a4de-56dd-baee-7ea48d7eb4b8
996908f3-90c7-5b93-a2fe-547c4363568b
49a6eaa7-07c1-56e0-b4bc-3326678bbc4f
b92f417e-1f15-5073-97f6-081f1badf1be
1f0d14c6-dc68-5c4a-9ea6-410b02b41b78
75088498-fcc9-5192-ba96-5e7369e4feb6
f84378b6-fdbb-5e12-b71f-9e5d7beec4b8
8eea7167-bf9e-5a5e-95a0-d123dfdb24a5
a3af2585-3f9d-5259-af2d-664c70dc7043
ab44ae18-cee3-56d6-a5bb-6de322218507
ba6ed0fd-467e-5462-8674-ea18639c8c48
8eea7167-bf9e-5a5e-95a0-d123dfdb24a5
3c9ffade-f83b-502b-8450-19f187e72406
49a6eaa7-07c1-56e0-b4bc-3326678bbc4f
3c9ffade-f83b-502b-8450-19f187e72406
9393a7cb-7ace-5d32-826b-f26306f8aad9
325d0cd6-5014-5264-bcc9-a30eded5c27c
87eca77f-e3e8-5f76-9fab-1781460b7ef5
43f323e0-271d-5dda-8abb-4e46bf7550c0
8d84f4b1-7a91-5012-b8ab-52ebccc9d6d9
c833bd9f-70a3-5957-8186-18ce2a513704
87eca77f-e3e8-5f76-9fab-1781460b7ef5
e159c322-253a-51c4-80b9-048ad11c6812
87eca77f-e3e8-5f76-9fab-1781460b7ef5
6c5e60ba-fde1-580d-b9cc-622672580784
87eca77f-e3e8-5f76-9fab-1781460b7ef5
8c2b585e-0aae-5db4-968e-15dbaff2baf0
c833bd9f-70a3-5957-8186-18ce2a513704
6124abb0-36d0-5809-99eb-c5e0cb9bcd28
83247e74-3d2b-5588-9164-327c8bcca4e7
6caf9085-9ea3-5f57-adee-03cd9b0722a9
c9029bfc-110c-5a63-bf13-297d789d78de
87eca77f-e3e8-5f76-9fab-1781460b7ef5
c1012425-8d22-5ea9-b638-9ded2acf3b7e
b0c0daae-53dc-5ed6-a210-6bff38938628
b0c0daae-53dc-5ed6-a210-6bff38938628
51a5b921-38be-544e-b51d-0615818c1e1c
8da5d1d5-812b-51a1-9629-b4cfec857725
b6d17cf3-0372-5649-8f3c-fca9df519604
c1012425-8d22-5ea9-b638-9ded2acf3b7e
6e3cf719-d0dd-5c43-9a6c-dbfc1482b4c1
b6d17cf3-0372-5649-8f3c-fca9df519604
6b7fea4f-3bd6-5dd2-b8c8-da83da9de23a
b6d17cf3-0372-5649-8f3c-fca9df519604
8da5d1d5-812b-51a1-9629-b4cfec857725
c1012425-8d22-5ea9-b638-9ded2acf3b7e
c9117bc2-2e37-58b1-84e7-67db2d21259b
1b931ad4-1a1d-5b2d-9a60-57077236d117
bd2e0bd6-a777-5c52-a981-79d44e236b42
c1012425-8d22-5ea9-b638-9ded2acf3b7e
6b7fea4f-3bd6-5dd2-b8c8-da83da9de23a
c1012425-8d22-5ea9-b638-9ded2acf3b7e
46400860-7f84-5d01-9de0-28344e788a77
12dcfebe-f5a7-5ca3-b34d-88fcfaac6521
c1012425-8d22-5ea9-b638-9ded2acf3b7e
698e0fbf-da15-5ac3-ac94-e1c1d0871e4b
7c376db9-1003-5a86-95a5-86f412c5ab9f
c924f5ea-0310-5e3e-8beb-f2026d55c396
46400860-7f84-5d01-9de0-28344e788a77
c924f5ea-0310-5e3e-8beb-f2026d55c396
c924f5ea-0310-5e3e-8beb-f2026d55c396
7c376db9-1003-5a86-95a5-86f412c5ab9f
123607bb-788f-5c8f-9cf2-f855a344e085
698e0fbf-da15-5ac3-ac94-e1c1d0871e4b
7fe90ae6-e3a6-5f46-9e7f-f783a65831ae
c924f5ea-0310-5e3e-8beb-f2026d55c396
2275004a-8202-59e4-8025-bd55a52d598f
7c376db9-1003-5a86-95a5-86f412c5ab9f
bd5d4c4f-a21f-5e68-a4ee-fb88d7af0368
0bcb76a9-e6b8-566f-84b7-816f2d9b0b43
d18fe3c5-4b73-58cf-9835-3e70db88c8a5
bbc0c402-2c54-535a-86d0-3c7b960b8988
1be6ced7-efe0-5541-ba53-2cfdc67c2ce8
c924f5ea-0310-5e3e-8beb-f2026d55c396
2275004a-8202-59e4-8025-bd55a52d598f
d18fe3c5-4b73-58cf-9835-3e70db88c8a5
dc64a278-140c-5b72-a790-2eea98f38047
9e813522-04be-5679-8bba-aac855d50b19
822ea93a-de6e-52ce-b148-3080d5f79079
2da52c2f-4e09-5123-bf3c-ea7b18ec1370
aaad2bf9-f64a-5fcf-b072-66656ba6f91f
50418dfb-b7d9-50e5-9715-ea0c606fecd3
56de5ede-9b1d-5026-9428-275af7fd9915
b44338e7-8a30-575a-a0e5-0a4d4842ab63
fe4fa69a-c44c-53ee-81ed-bbfbfb768c04
47501ca1-2623-5dd2-89cd-5d1880cd3307
a1572382-4447-5652-be2d-c5b9450d003c
9e813522-04be-5679-8bba-aac855d50b19
9e813522-04be-5679-8bba-aac855d50b19
dcab9770-8ca5-5deb-be1d-bdd01cc3dafb
56de5ede-9b1d-5026-9428-275af7fd9915
3a76495f-5dd5-5e99-bcbe-d88d75048047
b3367a55-ac66-535e-8630-c37aa73f7aed
f35ead3e-5fa5-5ffa-aabc-a8c66594ac2d
4fc9fa66-1a11-5cb1-a5ee-87cd2e47c1fc
4fc9fa66-1a11-5cb1-a5ee-87cd2e47c1fc
4fc9fa66-1a11-5cb1-a5ee-87cd2e47c1fc
2895b0ab-a066-56c3-a53b-5217b3dbdf1d
b3367a55-ac66-535e-8630-c37aa73f7aed
a1572382-4447-5652-be2d-c5b9450d003c
67a5d71b-0c01-5fb7-9f04-0e56833a9570
0912126d-5c2a-5e74-90fc-a39dd6017906
8b065fb6-c750-5608-902a-8a6f9b2179ef
a1572382-4447-5652-be2d-c5b9450d003c
1cdd5b90-f4d0-59f3-a180-4739708e4f82
0f863c2c-c7cb-5921-add3-282c3f73c4b5
352e9f6e-bb1e-51da-8cdf-07a6b686e9fc
b3367a55-ac66-535e-8630-c37aa73f7aed
a1572382-4447-5652-be2d-c5b9450d003c
d55865cd-56e3-5572-b1b1-6ddfb83db9fd
a1572382-4447-5652-be2d-c5b9450d003c
12a7fb64-9b9c-572f-827d-1ace03a992eb
bc19e8f8-0b07-534e-a7e3-0c314bfca70e
a62eb5a5-f47d-50db-9c95-ca4a486dc282
e3ba5dd8-168a-5177-9d07-93b4e49406de
6b86b9bd-e35c-59bb-8b67-57943297d0a2
39b3d6e3-4ffc-5179-9c4c-f9376fdc6a7d
6b86b9bd-e35c-59bb-8b67-57943297d0a2
15639fc7-bde4-5927-9720-282d9ab3cd20
3cc12133-5da5-5e54-88fc-b70f664335f8
a62eb5a5-f47d-50db-9c95-ca4a486dc282
3cc12133-5da5-5e54-88fc-b70f664335f8
cf93d118-2837-59cb-a486-6dc61cdee4e5
b928137d-cd35-5e94-b1d3-cdf6f01f3113
cf93d118-2837-59cb-a486-6dc61cdee4e5
3cc12133-5da5-5e54-88fc-b70f664335f8
b6faaa74-5826-55de-8b86-ba81909274c8
7fbc74d2-6b04-5c90-8ea7-21e9ff49c413
15639fc7-bde4-5927-9720-282d9ab3cd20
22feb351-d3f9-59d1-a897-affea65ce214
fa8012c6-0209-5c9b-82ca-0aa01439e4b5
b6faaa74-5826-55de-8b86-ba81909274c8
b6faaa74-5826-55de-8b86-ba81909274c8
b4afc10f-6d7a-5320-a866-20c559780cff
65abef20-3bc1-54c9-aa2c-9180bc1d3920
62caee22-46a7-5fcf-bd6c-ec4a8cfea4b1
347167a1-c1c0-5dc6-873e-9005ba88d6ac
63e2f1ea-ad06-599b-8e49-c2fa445ca177
65abef20-3bc1-54c9-aa2c-9180bc1d3920
8c2365c0-0e5c-592a-a77b-2316d0d64034
7fbc74d2-6b04-5c90-8ea7-21e9ff49c413
62caee22-46a7-5fcf-bd6c-ec4a8cfea4b1
9c4e2f4e-1d03-5e39-8748-b9919785c129
62caee22-46a7-5fcf-bd6c-ec4a8cfea4b1
d4637da4-9fdf-54dd-b0cd-93c2ec1bfe30
6935d119-0638-5c2b-9326-77761ce67937
a50e7697-2bb5-5cf6-92d3-50dc957a41a0
f6428df4-f845-51ff-889d-5d35b8f9df9b
6935d119-0638-5c2b-9326-77761ce67937
ea20e14a-a8e2-5363-8a7f-e6ba0018079e
8c2365c0-0e5c-592a-a77b-2316d0d64034
5fda8cc9-aeda-551c-9c7b-ef33656bd89e
5fc6eaa6-f107-5051-9dd1-cedcd111bd8f
6d559007-7ad8-5346-85de-7094f0093184
bb0c6336-2ca8-5124-8eb0-e94e8e75c032
ca0e3d20-6c1b-5cec-b50e-5258e3ae1e36
ca0e3d20-6c1b-5cec-b50e-5258e3ae1e36
b2de72ce-1ed6-511d-ae4b-910070e0f04f
3b0ed597-d15f-5b70-a5bd-1baad1e5b6f9
aa7db613-0240-505d-bac7-86d7ca720bcd
b46aee2b-af43-5218-a49a-d268c439fd78
b2de72ce-1ed6-511d-ae4b-910070e0f04f
b2de72ce-1ed6-511d-ae4b-910070e0f04f
aa7db613-0240-505d-bac7-86d7ca720bcd
8f1ce9ef-d9be-5dd2-912d-f13be28919c9
b7e574e3-301d-5d7f-b41c-16d4585f7f6b
21e4671d-d2f8-52a6-8dbd-f0782a1d0dec
f761f3ca-5ec4-5c8f-8921-d1fc8a3900da
21e4671d-d2f8-52a6-8dbd-f0782a1d0dec
ff273e84-9729-54e5-ba76-f9139a9bdab2
32ed24fc-e6e6-5413-b06b-cd073c12382c
85ac5408-0a5c-5efc-aa25-d55cad00458d
0e44676b-f5a8-5de1-a61b-191a4c470462
8c9f161a-9517-5341-a28f-3b4d765c0acb
32ed24fc-e6e6-5413-b06b-cd073c12382c
215a453e-bf6d-5799-abe3-526ccfb58db0
32ed24fc-e6e6-5413-b06b-cd073c12382c
85ac5408-0a5c-5efc-aa25-d55cad00458d
7dd83d9e-3409-510a-94e7-f5802e5eefba
61e9d7a6-3ad0-52e2-b086-e3e5ce457165
21e4671d-d2f8-52a6-8dbd-f0782a1d0dec
21e4671d-d2f8-52a6-8dbd-f0782a1d0dec
268a4129-da8a-5fc7-b8fa-abb90e81b627
2b695ee0-5238-5195-beb9-653da6f2e17f
215a453e-bf6d-5799-abe3-526ccfb58db0
2d7ce05d-e398-5212-b779-0cd5ba537150
2d7ce05d-e398-5212-b779-0cd5ba537150
21e4671d-d2f8-52a6-8dbd-f0782a1d0dec
0c9a0026-d275-5c41-ae9d-1c827d0607e5
ad44910c-7f5e-5935-b9dc-1901f4cf33cc
1c96231c-e9bc-5a5f-a91e-5bb4fc516658
100743ec-268e-5799-941b-30524199a4af
611d6570-a3d6-503c-9d7c-ab37cc99cf37
100743ec-268e-5799-941b-30524199a4af
aee82f72-1df8-5416-ab82-aa08b3483c28
1c96231c-e9bc-5a5f-a91e-5bb4fc516658
2b2d0fbc-efeb-58c6-a38c-a5746bc9cf56
0c9a0026-d275-5c41-ae9d-1c827d0607e5
1c96231c-e9bc-5a5f-a91e-5bb4fc516658
220a45ca-33d9-5900-9890-0a047dab586b
220a45ca-33d9-5900-9890-0a047dab586b
504b2fce-57ca-51d5-ba54-5cfb47a48e20
1c96231c-e9bc-5a5f-a91e-5bb4fc516658
1c96231c-e9bc-5a5f-a91e-5bb4fc516658
1c96231c-e9bc-5a5f-a91e-5bb4fc516658
4cfd0623-43da-5077-933f-e09195a3093d
0c9a0026-d275-5c41-ae9d-1c827d0607e5
00e72bf3-df7e-5576-a85f-98326c715b96
c90b318e-b9e6-5787-b41b-7a267e9336d3
d901c213-be8a-5b0b-84fd-36ff5a52c3ae
4cfd0623-43da-5077-933f-e09195a3093d
d901c213-be8a-5b0b-84fd-36ff5a52c3ae
0c9a0026-d275-5c41-ae9d-1c827d0607e5
1516ffa9-dd1b-5402-b587-ab63461d43ad
00e72bf3-df7e-5576-a85f-98326c715b96
c017574f-91f3-5494-bd79-988bacf012e3
c017574f-91f3-5494-bd79-988bacf012e3
3b1a0593-68fd-536c-8044-a82adb769381
00e72bf3-df7e-5576-a85f-98326c715b96
4cfd0623-43da-5077-933f-e09195a3093d
2dbdb5a0-1252-5ad3-a822-99a2a8c11689
ff1e7357-9a5a-52ba-b464-7da153dd95c1
852c0671-c764-5fad-84ef-b6ecdc08b278
05e40a82-e3cb-564e-b8bf-6c87efd27295
4176d19d-14b7-5143-b927-809cc82dcd9a
4176d19d-14b7-5143-b927-809cc82dcd9a
00e72bf3-df7e-5576-a85f-98326c715b96
3038f3ff-8035-58db-83ef-9ff40f09470f
3df17c57-33d5-5e65-8154-b9fd6a21c991
00e72bf3-df7e-5576-a85f-98326c715b96
c2aebb24-accc-5a22-a5fe-40e544db6f7b
2c8919d1-4721-539e-ad18-d32fe727263f
2814753a-e100-5c23-9796-8c860b96d881
